Build started 3.12.2018 19:02:20.
     1>Project "D:\Ra152-2015\aadsp2\Projekat\ZADATAK\Zadatak_model2\Zadatak_model2\Zadatak_model2.vcxproj" on node 2 (build target(s)).
     1>InitializeBuildStatus:
         Touching "Debug\Zadatak_model2.unsuccessfulbuild".
       ClCompile:
         C:\Program Files (x86)\Microsoft Visual Studio 10.0\VC\bin\CL.exe /c /ZI /nologo /W3 /WX- /Od /Oy- /D WIN32 /D _DEBUG /D _CONSOLE /D _UNICODE /D UNICODE /Gm /EHsc /RTC1 /MDd /GS /fp:precise /Zc:wchar_t /Zc:forScope /Fo"Debug\\" /Fd"Debug\vc100.pdb" /Gd /TP /analyze- /errorReport:prompt main.cpp tremolo1.cpp
         tremolo1.cpp
     1>d:\ra152-2015\aadsp2\projekat\zadatak\zadatak_model2\zadatak_model2\common.h(14): error C2146: syntax error : missing ';' before identifier 'DSPfract'
     1>d:\ra152-2015\aadsp2\projekat\zadatak\zadatak_model2\zadatak_model2\common.h(14): error C4430: missing type specifier - int assumed. Note: C++ does not support default-int
     1>d:\ra152-2015\aadsp2\projekat\zadatak\zadatak_model2\zadatak_model2\common.h(14): error C4430: missing type specifier - int assumed. Note: C++ does not support default-int
     1>d:\ra152-2015\aadsp2\projekat\zadatak\zadatak_model2\zadatak_model2\common.h(15): error C2146: syntax error : missing ';' before identifier 'DSPaccum'
     1>d:\ra152-2015\aadsp2\projekat\zadatak\zadatak_model2\zadatak_model2\common.h(15): error C4430: missing type specifier - int assumed. Note: C++ does not support default-int
     1>d:\ra152-2015\aadsp2\projekat\zadatak\zadatak_model2\zadatak_model2\common.h(15): error C4430: missing type specifier - int assumed. Note: C++ does not support default-int
     1>d:\ra152-2015\aadsp2\projekat\zadatak\zadatak_model2\zadatak_model2\tremolo1.cpp(72): warning C4305: '=' : truncation from 'double' to 'float'
         main.cpp
     1>d:\ra152-2015\aadsp2\projekat\zadatak\zadatak_model2\zadatak_model2\common.h(14): error C2146: syntax error : missing ';' before identifier 'DSPfract'
     1>d:\ra152-2015\aadsp2\projekat\zadatak\zadatak_model2\zadatak_model2\common.h(14): error C4430: missing type specifier - int assumed. Note: C++ does not support default-int
     1>d:\ra152-2015\aadsp2\projekat\zadatak\zadatak_model2\zadatak_model2\common.h(14): error C4430: missing type specifier - int assumed. Note: C++ does not support default-int
     1>d:\ra152-2015\aadsp2\projekat\zadatak\zadatak_model2\zadatak_model2\common.h(15): error C2146: syntax error : missing ';' before identifier 'DSPaccum'
     1>d:\ra152-2015\aadsp2\projekat\zadatak\zadatak_model2\zadatak_model2\common.h(15): error C4430: missing type specifier - int assumed. Note: C++ does not support default-int
     1>d:\ra152-2015\aadsp2\projekat\zadatak\zadatak_model2\zadatak_model2\common.h(15): error C4430: missing type specifier - int assumed. Note: C++ does not support default-int
     1>d:\ra152-2015\aadsp2\projekat\zadatak\zadatak_model2\zadatak_model2\stdfix_emu.h(122): error C2371: 'fract' : redefinition; different basic types
                 d:\ra152-2015\aadsp2\projekat\zadatak\zadatak_model2\zadatak_model2\common.h(14) : see declaration of 'fract'
     1>d:\ra152-2015\aadsp2\projekat\zadatak\zadatak_model2\zadatak_model2\stdfix_emu.h(124): error C2371: 'long_accum' : redefinition; different basic types
                 d:\ra152-2015\aadsp2\projekat\zadatak\zadatak_model2\zadatak_model2\common.h(15) : see declaration of 'long_accum'
     1>d:\ra152-2015\aadsp2\projekat\zadatak\zadatak_model2\zadatak_model2\main.cpp(16): error C2146: syntax error : missing ';' before identifier 'sampleBuffer'
     1>d:\ra152-2015\aadsp2\projekat\zadatak\zadatak_model2\zadatak_model2\main.cpp(16): error C4430: missing type specifier - int assumed. Note: C++ does not support default-int
     1>d:\ra152-2015\aadsp2\projekat\zadatak\zadatak_model2\zadatak_model2\main.cpp(16): error C2086: 'int DSPfract' : redefinition
                 d:\ra152-2015\aadsp2\projekat\zadatak\zadatak_model2\zadatak_model2\common.h(14) : see declaration of 'DSPfract'
     1>d:\ra152-2015\aadsp2\projekat\zadatak\zadatak_model2\zadatak_model2\main.cpp(16): error C4430: missing type specifier - int assumed. Note: C++ does not support default-int
     1>d:\ra152-2015\aadsp2\projekat\zadatak\zadatak_model2\zadatak_model2\main.cpp(24): error C2146: syntax error : missing ';' before identifier 'input_gain'
     1>d:\ra152-2015\aadsp2\projekat\zadatak\zadatak_model2\zadatak_model2\main.cpp(24): error C4430: missing type specifier - int assumed. Note: C++ does not support default-int
     1>d:\ra152-2015\aadsp2\projekat\zadatak\zadatak_model2\zadatak_model2\main.cpp(24): error C4430: missing type specifier - int assumed. Note: C++ does not support default-int
     1>d:\ra152-2015\aadsp2\projekat\zadatak\zadatak_model2\zadatak_model2\main.cpp(41): error C2039: 'input_gain' : is not a member of 'ProcessingState'
                 d:\ra152-2015\aadsp2\projekat\zadatak\zadatak_model2\zadatak_model2\main.cpp(23) : see declaration of 'ProcessingState'
     1>d:\ra152-2015\aadsp2\projekat\zadatak\zadatak_model2\zadatak_model2\main.cpp(99): error C2065: 'pInbuf' : undeclared identifier
     1>d:\ra152-2015\aadsp2\projekat\zadatak\zadatak_model2\zadatak_model2\main.cpp(99): error C2065: 'pOutbuf' : undeclared identifier
     1>d:\ra152-2015\aadsp2\projekat\zadatak\zadatak_model2\zadatak_model2\main.cpp(100): error C2448: 'processing_S' : function-style initializer appears to be a function definition
     1>d:\ra152-2015\aadsp2\projekat\zadatak\zadatak_model2\zadatak_model2\main.cpp(113): error C2065: 'pInbuf' : undeclared identifier
     1>d:\ra152-2015\aadsp2\projekat\zadatak\zadatak_model2\zadatak_model2\main.cpp(113): error C2065: 'pOutbuf' : undeclared identifier
     1>d:\ra152-2015\aadsp2\projekat\zadatak\zadatak_model2\zadatak_model2\main.cpp(114): error C2448: 'processing_C' : function-style initializer appears to be a function definition
     1>d:\ra152-2015\aadsp2\projekat\zadatak\zadatak_model2\zadatak_model2\main.cpp(128): error C2146: syntax error : missing ')' before identifier 'pInbuf'
     1>d:\ra152-2015\aadsp2\projekat\zadatak\zadatak_model2\zadatak_model2\main.cpp(128): error C2182: 'processing' : illegal use of type 'void'
     1>d:\ra152-2015\aadsp2\projekat\zadatak\zadatak_model2\zadatak_model2\main.cpp(128): error C2059: syntax error : ')'
     1>d:\ra152-2015\aadsp2\projekat\zadatak\zadatak_model2\zadatak_model2\main.cpp(129): error C2143: syntax error : missing ';' before '{'
     1>d:\ra152-2015\aadsp2\projekat\zadatak\zadatak_model2\zadatak_model2\main.cpp(129): error C2447: '{' : missing function header (old-style formal list?)
     1>d:\ra152-2015\aadsp2\projekat\zadatak\zadatak_model2\zadatak_model2\main.cpp(213): warning C4244: '=' : conversion from 'const double' to 'int', possible loss of data
     1>d:\ra152-2015\aadsp2\projekat\zadatak\zadatak_model2\zadatak_model2\main.cpp(219): error C2064: term does not evaluate to a function taking 2 arguments
     1>d:\ra152-2015\aadsp2\projekat\zadatak\zadatak_model2\zadatak_model2\main.cpp(226): warning C4244: '=' : conversion from 'const double' to 'int', possible loss of data
         Generating Code...
     1>Done Building Project "D:\Ra152-2015\aadsp2\Projekat\ZADATAK\Zadatak_model2\Zadatak_model2\Zadatak_model2.vcxproj" (build target(s)) -- FAILED.

Build FAILED.

Time Elapsed 00:00:00.54
